<?xml version="1.0" encoding="UTF-8"?>
<!-- Generated by org.testng.reporters.JUnitXMLReporter -->
<testsuite hostname="Amar" ignored="0" name="Test" tests="3" failures="0" timestamp="29 Jan 2020 04:33:14 GMT" time="127.554" errors="0">
  <testcase name="testStart" time="21.02" classname="ContactsTest.TestContact1"/>
  <testcase name="CampCreation1" time="27.53" classname="CampaignTest.CreateCampaignTest1"/>
  <testcase name="TestStart" time="21.331" classname="OrganizationTest.CreateOrganizationTest"/>
</testsuite> <!-- Test -->
